<?xml version='1.0' encoding='UTF-8'?>
<testsuite hostname="C02DF004MD6R" name="CheckOutTest" tests="5" errors="0" failures="0" skipped="0" time="0.014" timestamp="2022-01-11T16:35:27">
          <properties>
      <property name="java.specification.version" value="17"/><property name="sun.jnu.encoding" value="UTF-8"/><property name="sun.arch.data.model" value="64"/><property name="sbt.supershell" value="false"/><property name="java.vendor.url" value="https://java.oracle.com/"/><property name="sun.boot.library.path" value="/Library/Java/JavaVirtualMachines/jdk-17.jdk/Contents/Home/lib"/><property name="sun.java.command" value="/Users/shakhaqu/Library/Application Support/JetBrains/IdeaIC2021.2/plugins/Scala/launcher/sbt-launch.jar early(addPluginSbtFile=&quot;&quot;&quot;/private/var/folders/l1/19dnwfy51ml4z733tcgc5vjr0000gn/T/idea724.sbt&quot;&quot;&quot;) ; set ideaPort in Global := 53774 ; idea-shell"/><property name="jdk.debug" value="release"/><property name="sun.stderr.encoding" value="UTF-8"/><property name="java.specification.vendor" value="Oracle Corporation"/><property name="java.version.date" value="2021-09-14"/><property name="java.home" value="/Library/Java/JavaVirtualMachines/jdk-17.jdk/Contents/Home"/><property name="file.separator" value="/"/><property name="java.vm.compressedOopsMode" value="Zero based"/><property name="line.separator" value="
"/><property name="sun.stdout.encoding" value="UTF-8"/><property name="java.vm.specification.vendor" value="Oracle Corporation"/><property name="java.specification.name" value="Java Platform API Specification"/><property name="idea.installation.dir" value="/Applications/IntelliJ IDEA CE.app/Contents"/><property name="sun.management.compiler" value="HotSpot 64-Bit Tiered Compilers"/><property name="java.runtime.version" value="17+35-LTS-2724"/><property name="user.name" value="shakhaqu"/><property name="log4j.ignoreTCL" value="true"/><property name="file.encoding" value="UTF-8"/><property name="jnidispatch.path" value="/Users/shakhaqu/Library/Caches/JNA/temp/jna10673860706227049591.tmp"/><property name="jna.loaded" value="true"/><property name="java.io.tmpdir" value="/var/folders/l1/19dnwfy51ml4z733tcgc5vjr0000gn/T/"/><property name="java.version" value="17"/><property name="java.vm.specification.name" value="Java Virtual Machine Specification"/><property name="native.encoding" value="UTF-8"/><property name="java.library.path" value="/Users/shakhaqu/Library/Java/Extensions:/Library/Java/Extensions:/Network/Library/Java/Extensions:/System/Library/Java/Extensions:/usr/lib/java:."/><property name="java.vendor" value="Oracle Corporation"/><property name="sun.io.unicode.encoding" value="UnicodeBig"/><property name="socksNonProxyHosts" value="local|*.local|169.254/16|*.169.254/16"/><property name="java.class.path" value="/Users/shakhaqu/Library/Application Support/JetBrains/IdeaIC2021.2/plugins/Scala/launcher/sbt-launch.jar"/><property name="java.vm.vendor" value="Oracle Corporation"/><property name="jline.shutdownhook" value="false"/><property name="user.timezone" value="Europe/London"/><property name="java.vm.specification.version" value="17"/><property name="os.name" value="Mac OS X"/><property name="sun.java.launcher" value="SUN_STANDARD"/><property name="user.country" value="GB"/><property name="http.nonProxyHosts" value="local|*.local|169.254/16|*.169.254/16"/><property name="sun.cpu.endian" value="little"/><property name="user.home" value="/Users/shakhaqu"/><property name="user.language" value="en"/><property name="swoval.tmpdir" value="/Users/shakhaqu/.sbt/1.0"/><property name="jline.esc.timeout" value="0"/><property name="ftp.nonProxyHosts" value="local|*.local|169.254/16|*.169.254/16"/><property name="path.separator" value=":"/><property name="os.version" value="11.6.1"/><property name="jna.nosys" value="true"/><property name="java.runtime.name" value="Java(TM) SE Runtime Environment"/><property name="java.vm.name" value="Java HotSpot(TM) 64-Bit Server VM"/><property name="jna.platform.library.path" value="/usr/lib:/usr/lib"/><property name="java.vendor.url.bug" value="https://bugreport.java.com/bugreport/"/><property name="user.dir" value="/Users/shakhaqu/IdeaProjects/Checkout"/><property name="os.arch" value="x86_64"/><property name="idea.managed" value="true"/><property name="java.vm.info" value="mixed mode, sharing"/><property name="java.vm.version" value="17+35-LTS-2724"/><property name="java.class.version" value="61.0"/>
    </properties>
          <testcase classname="CheckOutTest" name="Checkout should not apply special price if discount quantity of SKU is not met" time="0.012">
                      
                    </testcase><testcase classname="CheckOutTest" name="Checkout should correctly apply discount if discount quantity of SKU is met" time="0.0">
                      
                    </testcase><testcase classname="CheckOutTest" name="Checkout should not apply discount if no special prices are available" time="0.001">
                      
                    </testcase><testcase classname="CheckOutTest" name="Checkout should accept items in any order and apply correct discount" time="0.0">
                      
                    </testcase><testcase classname="CheckOutTest" name="Checkout should return 0 if no items in customers basket and no special prices" time="0.001">
                      
                    </testcase>
          <system-out><![CDATA[]]></system-out>
          <system-err><![CDATA[]]></system-err>
        </testsuite>